0 info it worked if it ends with ok
1 verbose cli [ 'D:\\Program Files\\nodejs\\\\node.exe',
1 verbose cli   'D:\\Program Files\\nodejs\\node_modules\\npm\\bin\\npm-cli.js',
1 verbose cli   'run',
1 verbose cli   'dev' ]
2 info using npm@1.4.28
3 info using node@v0.10.32
4 verbose node symlink D:\Program Files\nodejs\\node.exe
5 verbose run-script [ 'predev', 'dev', 'postdev' ]
6 info predev vue-browserify-example@1.0.0
7 info dev vue-browserify-example@1.0.0
8 verbose unsafe-perm in lifecycle true
9 info vue-browserify-example@1.0.0 Failed to exec dev script
10 error vue-browserify-example@1.0.0 dev: `watchify -e src/main.js -t partialify -o build/build.js`
10 error Exit status 8
11 error Failed at the vue-browserify-example@1.0.0 dev script.
11 error This is most likely a problem with the vue-browserify-example package,
11 error not with npm itself.
11 error Tell the author that this fails on your system:
11 error     watchify -e src/main.js -t partialify -o build/build.js
11 error You can get their info via:
11 error     npm owner ls vue-browserify-example
11 error There is likely additional logging output above.
12 error System Windows_NT 6.1.7601
13 error command "D:\\Program Files\\nodejs\\\\node.exe" "D:\\Program Files\\nodejs\\node_modules\\npm\\bin\\npm-cli.js" "run" "dev"
14 error cwd D:\dcloud\workspace\test\vue-sample
15 error node -v v0.10.32
16 error npm -v 1.4.28
17 error code ELIFECYCLE
18 verbose exit [ 1, true ]
